# JRE version: Java(TM) SE Runtime Environment (8.0_31-b13) (build 1.8.0_31-b13)
# Java VM: Java HotSpot(TM) 64-Bit Server VM (25.31-b07 mixed mode bsd-amd64 compressed oops)
Heap:
 PSYoungGen      total 247808K, used 145864K [0x0000000795580000, 0x00000007a9180000, 0x00000007c0000000)
  eden space 242688K, 60% used [0x0000000795580000,0x000000079e3f2068,0x00000007a4280000)
  from space 5120K, 0% used [0x00000007a5e80000,0x00000007a5e80000,0x00000007a6380000)
  to   space 28672K, 0% used [0x00000007a4280000,0x00000007a4280000,0x00000007a5e80000)
 ParOldGen       total 130048K, used 51373K [0x0000000740000000, 0x0000000747f00000, 0x0000000795580000)
  object space 130048K, 39% used [0x0000000740000000,0x000000074322b568,0x0000000747f00000)
 Metaspace       used 33960K, capacity 34380K, committed 34688K, reserved 1079296K
  class space    used 4323K, capacity 4407K, committed 4480K, reserved 1048576K
GC Heap History (10 events):
Event: 1.570 GC heap before
{Heap before GC invocations=4 (full 1):
 PSYoungGen      total 71680K, used 66560K [0x0000000795580000, 0x000000079a080000, 0x00000007c0000000)
  eden space 66560K, 100% used [0x0000000795580000,0x0000000799680000,0x0000000799680000)
  from space 5120K, 0% used [0x0000000799b80000,0x0000000799b80000,0x000000079a080000)
  to   space 5120K, 0% used [0x0000000799680000,0x0000000799680000,0x0000000799b80000)
 ParOldGen       total 87552K, used 2707K [0x0000000740000000, 0x0000000745580000, 0x0000000795580000)
  object space 87552K, 3% used [0x0000000740000000,0x00000007402a4ca8,0x0000000745580000)
 Metaspace       used 12605K, capacity 12818K, committed 13184K, reserved 1060864K
  class space    used 1499K, capacity 1561K, committed 1664K, reserved 1048576K
Event: 1.580 GC heap after
Heap after GC invocations=4 (full 1):
 PSYoungGen      total 71680K, used 5120K [0x0000000795580000, 0x000000079e180000, 0x00000007c0000000)
  eden space 66560K, 0% used [0x0000000795580000,0x0000000795580000,0x0000000799680000)
  from space 5120K, 100% used [0x0000000799680000,0x0000000799b80000,0x0000000799b80000)
  to   space 5120K, 0% used [0x000000079dc80000,0x000000079dc80000,0x000000079e180000)
 ParOldGen       total 87552K, used 6397K [0x0000000740000000, 0x0000000745580000, 0x0000000795580000)
  object space 87552K, 7% used [0x0000000740000000,0x000000074063f540,0x0000000745580000)
 Metaspace       used 12605K, capacity 12818K, committed 13184K, reserved 1060864K
  class space    used 1499K, capacity 1561K, committed 1664K, reserved 1048576K
}
Event: 1.824 GC heap before
{Heap before GC invocations=5 (full 1):
 PSYoungGen      total 71680K, used 71680K [0x0000000795580000, 0x000000079e180000, 0x00000007c0000000)
  eden space 66560K, 100% used [0x0000000795580000,0x0000000799680000,0x0000000799680000)
  from space 5120K, 100% used [0x0000000799680000,0x0000000799b80000,0x0000000799b80000)
  to   space 5120K, 0% used [0x000000079dc80000,0x000000079dc80000,0x000000079e180000)
 ParOldGen       total 87552K, used 6397K [0x0000000740000000, 0x0000000745580000, 0x0000000795580000)
  object space 87552K, 7% used [0x0000000740000000,0x000000074063f540,0x0000000745580000)
 Metaspace       used 12982K, capacity 13124K, committed 13440K, reserved 1060864K
  class space    used 1557K, capacity 1596K, committed 1664K, reserved 1048576K
Event: 1.853 GC heap after
Heap after GC invocations=5 (full 1):
 PSYoungGen      total 138240K, used 5104K [0x0000000795580000, 0x000000079e180000, 0x00000007c0000000)
  eden space 133120K, 0% used [0x0000000795580000,0x0000000795580000,0x000000079d780000)
  from space 5120K, 99% used [0x000000079dc80000,0x000000079e17c010,0x000000079e180000)
  to   space 5120K, 0% used [0x000000079d780000,0x000000079d780000,0x000000079dc80000)
 ParOldGen       total 87552K, used 18543K [0x0000000740000000, 0x0000000745580000, 0x0000000795580000)
  object space 87552K, 21% used [0x0000000740000000,0x000000074121bd18,0x0000000745580000)
 Metaspace       used 12982K, capacity 13124K, committed 13440K, reserved 1060864K
  class space    used 1557K, capacity 1596K, committed 1664K, reserved 1048576K
}
Event: 2.479 GC heap before
{Heap before GC invocations=6 (full 1):
 PSYoungGen      total 138240K, used 138224K [0x0000000795580000, 0x000000079e180000, 0x00000007c0000000)
  eden space 133120K, 100% used [0x0000000795580000,0x000000079d780000,0x000000079d780000)
  from space 5120K, 99% used [0x000000079dc80000,0x000000079e17c010,0x000000079e180000)
  to   space 5120K, 0% used [0x000000079d780000,0x000000079d780000,0x000000079dc80000)
 ParOldGen       total 87552K, used 18543K [0x0000000740000000, 0x0000000745580000, 0x0000000795580000)
  object space 87552K, 21% used [0x0000000740000000,0x000000074121bd18,0x0000000745580000)
 Metaspace       used 17228K, capacity 17370K, committed 17664K, reserved 1064960K
  class space    used 2195K, capacity 2213K, committed 2304K, reserved 1048576K
Event: 2.533 GC heap after
Heap after GC invocations=6 (full 1):
 PSYoungGen      total 138240K, used 5113K [0x0000000795580000, 0x00000007a6380000, 0x00000007c0000000)
  eden space 133120K, 0% used [0x0000000795580000,0x0000000795580000,0x000000079d780000)
  from space 5120K, 99% used [0x000000079d780000,0x000000079dc7e658,0x000000079dc80000)
  to   space 5120K, 0% used [0x00000007a5e80000,0x00000007a5e80000,0x00000007a6380000)
 ParOldGen       total 87552K, used 42514K [0x0000000740000000, 0x0000000745580000, 0x0000000795580000)
  object space 87552K, 48% used [0x0000000740000000,0x0000000742984800,0x0000000745580000)
 Metaspace       used 17228K, capacity 17370K, committed 17664K, reserved 1064960K
  class space    used 2195K, capacity 2213K, committed 2304K, reserved 1048576K
}
Event: 3.076 GC heap before
{Heap before GC invocations=7 (full 1):
 PSYoungGen      total 138240K, used 81009K [0x0000000795580000, 0x00000007a6380000, 0x00000007c0000000)
  eden space 133120K, 57% used [0x0000000795580000,0x0000000799f9de68,0x000000079d780000)
  from space 5120K, 99% used [0x000000079d780000,0x000000079dc7e658,0x000000079dc80000)
  to   space 5120K, 0% used [0x00000007a5e80000,0x00000007a5e80000,0x00000007a6380000)
 ParOldGen       total 87552K, used 42514K [0x0000000740000000, 0x0000000745580000, 0x0000000795580000)
  object space 87552K, 48% used [0x0000000740000000,0x0000000742984800,0x0000000745580000)
 Metaspace       used 20874K, capacity 21022K, committed 21248K, reserved 1067008K
  class space    used 2654K, capacity 2699K, committed 2816K, reserved 1048576K
Event: 3.123 GC heap after
Heap after GC invocations=7 (full 1):
 PSYoungGen      total 247808K, used 5111K [0x0000000795580000, 0x00000007a9180000, 0x00000007c0000000)
  eden space 242688K, 0% used [0x0000000795580000,0x0000000795580000,0x00000007a4280000)
  from space 5120K, 99% used [0x00000007a5e80000,0x00000007a637dc80,0x00000007a6380000)
  to   space 28672K, 0% used [0x00000007a4280000,0x00000007a4280000,0x00000007a5e80000)
 ParOldGen       total 87552K, used 51159K [0x0000000740000000, 0x0000000745580000, 0x0000000795580000)
  object space 87552K, 58% used [0x0000000740000000,0x00000007431f5fc8,0x0000000745580000)
 Metaspace       used 20874K, capacity 21022K, committed 21248K, reserved 1067008K
  class space    used 2654K, capacity 2699K, committed 2816K, reserved 1048576K
}
Event: 3.123 GC heap before
{Heap before GC invocations=8 (full 2):
 PSYoungGen      total 247808K, used 5111K [0x0000000795580000, 0x00000007a9180000, 0x00000007c0000000)
  eden space 242688K, 0% used [0x0000000795580000,0x0000000795580000,0x00000007a4280000)
  from space 5120K, 99% used [0x00000007a5e80000,0x00000007a637dc80,0x00000007a6380000)
  to   space 28672K, 0% used [0x00000007a4280000,0x00000007a4280000,0x00000007a5e80000)
 ParOldGen       total 87552K, used 51159K [0x0000000740000000, 0x0000000745580000, 0x0000000795580000)
  object space 87552K, 58% used [0x0000000740000000,0x00000007431f5fc8,0x0000000745580000)
 Metaspace       used 20874K, capacity 21022K, committed 21248K, reserved 1067008K
  class space    used 2654K, capacity 2699K, committed 2816K, reserved 1048576K
Event: 3.546 GC heap after
Heap after GC invocations=8 (full 2):
 PSYoungGen      total 247808K, used 0K [0x0000000795580000, 0x00000007a9180000, 0x00000007c0000000)
  eden space 242688K, 0% used [0x0000000795580000,0x0000000795580000,0x00000007a4280000)
  from space 5120K, 0% used [0x00000007a5e80000,0x00000007a5e80000,0x00000007a6380000)
  to   space 28672K, 0% used [0x00000007a4280000,0x00000007a4280000,0x00000007a5e80000)
 ParOldGen       total 130048K, used 51373K [0x0000000740000000, 0x0000000747f00000, 0x0000000795580000)
  object space 130048K, 39% used [0x0000000740000000,0x000000074322b568,0x0000000747f00000)
 Metaspace       used 20874K, capacity 21022K, committed 21248K, reserved 1067008K
  class space    used 2654K, capacity 2699K, committed 2816K, reserved 1048576K
}

